<?xml version="1.0" encoding="UTF-8"?>
<!-- Generated by org.testng.reporters.JUnitXMLReporter -->
<testsuite hostname="Kunal-PC" name="practice_maven" tests="5" failures="0" timestamp="18 Jan 2023 07:39:20 GMT" time="0.141" errors="0">
  <testcase name="create" time="0.031" classname="practice_maven.CreateTest"/>
  <testcase name="validates" time="0.015" classname="practice_maven.CreateTest"/>
  <testcase name="checkCredentials" time="0.0" classname="practice_maven.CredCheckTest"/>
  <testcase name="deleteProject" time="0.016" classname="practice_maven.UpdateTest"/>
  <testcase name="updateProject" time="0.015" classname="practice_maven.UpdateTest"/>
</testsuite> <!-- practice_maven -->
