<?xml version="1.0" encoding="UTF-8"?>
<testng-results skipped="0" failed="0" total="1" passed="1">
  <reporter-output>
  </reporter-output>
  <suite name="Default suite" duration-ms="63" started-at="2023-01-18T07:44:22Z" finished-at="2023-01-18T07:44:22Z">
    <groups>
    </groups>
    <test name="Default test" duration-ms="63" started-at="2023-01-18T07:44:22Z" finished-at="2023-01-18T07:44:22Z">
      <class name="practice_maven.CredCheckTest">
        <test-method status="PASS" signature="checkCredentials()[pri:0, instance:practice_maven.CredCheckTest@3bfdc050]" name="checkCredentials" duration-ms="32" started-at="2023-01-18T13:14:22Z" finished-at="2023-01-18T13:14:22Z">
          <reporter-output>
          </reporter-output>
        </test-method> <!-- checkCredentials -->
      </class> <!-- practice_maven.CredCheckTest -->
    </test> <!-- Default test -->
  </suite> <!-- Default suite -->
</testng-results>
